<?xml version="1.0" encoding="UTF-8" ?>
<testsuite failures="1" time="96.088" errors="0" skipped="0" tests="4" name="ch.fhnw.i4ds.helio.AdRangeTest">
  <properties>
    <property name="java.runtime.name" value="Java(TM) SE Runtime Environment"/>
    <property name="sun.boot.library.path" value="C:\Program Files\Java\jdk1.6.0_14\jre\bin"/>
    <property name="java.vm.version" value="14.0-b16"/>
    <property name="java.vm.vendor" value="Sun Microsystems Inc."/>
    <property name="java.vendor.url" value="http://java.sun.com/"/>
    <property name="path.separator" value=";"/>
    <property name="java.vm.name" value="Java HotSpot(TM) Client VM"/>
    <property name="file.encoding.pkg" value="sun.io"/>
    <property name="user.country" value="CH"/>
    <property name="sun.java.launcher" value="SUN_STANDARD"/>
    <property name="sun.os.patch.level" value="Service Pack 1"/>
    <property name="java.vm.specification.name" value="Java Virtual Machine Specification"/>
    <property name="user.dir" value="D:\FHNW\Helio\heliovo\helio-frontend\helio-portal-tests"/>
    <property name="java.runtime.version" value="1.6.0_14-b08"/>
    <property name="java.awt.graphicsenv" value="sun.awt.Win32GraphicsEnvironment"/>
    <property name="basedir" value="D:\FHNW\Helio\heliovo\helio-frontend\helio-portal-tests"/>
    <property name="java.endorsed.dirs" value="C:\Program Files\Java\jdk1.6.0_14\jre\lib\endorsed"/>
    <property name="os.arch" value="x86"/>
    <property name="surefire.real.class.path" value="C:\Users\Lavanchy\AppData\Local\Temp\surefirebooter1024763312004725804.jar"/>
    <property name="java.io.tmpdir" value="C:\Users\Lavanchy\AppData\Local\Temp\"/>
    <property name="line.separator" value="
"/>
    <property name="java.vm.specification.vendor" value="Sun Microsystems Inc."/>
    <property name="user.variant" value=""/>
    <property name="os.name" value="Windows 7"/>
    <property name="sun.jnu.encoding" value="Cp1252"/>
    <property name="java.library.path" value="C:\Program Files\Java\jdk1.6.0_14\jre\bin;.;C:\Windows\Sun\Java\bin;C:\Windows\system32;C:\Windows;C:\Program Files\Common Files\Microsoft Shared\Windows Live;C:\Program Files\NVIDIA Corporation\PhysX\Common;C:\Windows\system32;C:\Windows;C:\Windows\System32\Wbem;C:\Windows\System32\WindowsPowerShell\v1.0\;C:\Program Files\Microsoft SQL Server\100\Tools\Binn\;C:\Program Files\Microsoft SQL Server\100\DTS\Binn\;C:\Program Files\TortoiseSVN\bin;C:\strawberry\c\bin;C:\strawberry\perl\site\bin;C:\strawberry\perl\bin;C:\Grails\bin;C:\Groovy\Groovy-1.7.5\bin;C:\Program Files\MySQL\MySQL Server 5.5\bin;C:\Program Files\IVI Foundation\VISA\WinNT\Bin;C:\Program Files\Windows Live\Shared;C:\Program Files\MATLAB\R2010b\bin;C:\Program Files\apache-ant-1.8.2\bin;C:\Program Files\apache-tomcat-7.0.16\apache-maven-3.0.3\bin"/>
    <property name="surefire.test.class.path" value="D:\FHNW\Helio\heliovo\helio-frontend\helio-portal-tests\target\test-classes;D:\FHNW\Helio\heliovo\helio-frontend\helio-portal-tests\target\classes;C:\Users\Lavanchy\.m2\repository\junit\junit\4.8.2\junit-4.8.2.jar;C:\Users\Lavanchy\.m2\repository\org\seleniumhq\selenium\selenium-firefox-driver\2.7.0\selenium-firefox-driver-2.7.0.jar;C:\Users\Lavanchy\.m2\repository\org\seleniumhq\selenium\selenium-remote-driver\2.7.0\selenium-remote-driver-2.7.0.jar;C:\Users\Lavanchy\.m2\repository\cglib\cglib-nodep\2.1_3\cglib-nodep-2.1_3.jar;C:\Users\Lavanchy\.m2\repository\org\json\json\20080701\json-20080701.jar;C:\Users\Lavanchy\.m2\repository\org\seleniumhq\selenium\selenium-api\2.7.0\selenium-api-2.7.0.jar;C:\Users\Lavanchy\.m2\repository\com\google\guava\guava\r09\guava-r09.jar;C:\Users\Lavanchy\.m2\repository\org\apache\httpcomponents\httpclient\4.1.2\httpclient-4.1.2.jar;C:\Users\Lavanchy\.m2\repository\org\apache\httpcomponents\httpcore\4.1.2\httpcore-4.1.2.jar;C:\Users\Lavanchy\.m2\repository\commons-logging\commons-logging\1.1.1\commons-logging-1.1.1.jar;C:\Users\Lavanchy\.m2\repository\commons-codec\commons-codec\1.4\commons-codec-1.4.jar;C:\Users\Lavanchy\.m2\repository\commons-io\commons-io\2.0.1\commons-io-2.0.1.jar;C:\Users\Lavanchy\.m2\repository\org\seleniumhq\selenium\selenium-java\2.7.0\selenium-java-2.7.0.jar;C:\Users\Lavanchy\.m2\repository\org\seleniumhq\selenium\selenium-android-driver\2.7.0\selenium-android-driver-2.7.0.jar;C:\Users\Lavanchy\.m2\repository\org\seleniumhq\selenium\selenium-chrome-driver\2.7.0\selenium-chrome-driver-2.7.0.jar;C:\Users\Lavanchy\.m2\repository\org\seleniumhq\selenium\selenium-htmlunit-driver\2.7.0\selenium-htmlunit-driver-2.7.0.jar;C:\Users\Lavanchy\.m2\repository\net\sourceforge\htmlunit\htmlunit\2.9\htmlunit-2.9.jar;C:\Users\Lavanchy\.m2\repository\xalan\xalan\2.7.1\xalan-2.7.1.jar;C:\Users\Lavanchy\.m2\repository\xalan\serializer\2.7.1\serializer-2.7.1.jar;C:\Users\Lavanchy\.m2\repository\xml-apis\xml-apis\1.3.04\xml-apis-1.3.04.jar;C:\Users\Lavanchy\.m2\repository\commons-collections\commons-collections\3.2.1\commons-collections-3.2.1.jar;C:\Users\Lavanchy\.m2\repository\commons-lang\commons-lang\2.6\commons-lang-2.6.jar;C:\Users\Lavanchy\.m2\repository\org\apache\httpcomponents\httpmime\4.1.2\httpmime-4.1.2.jar;C:\Users\Lavanchy\.m2\repository\net\sourceforge\htmlunit\htmlunit-core-js\2.9\htmlunit-core-js-2.9.jar;C:\Users\Lavanchy\.m2\repository\xerces\xercesImpl\2.9.1\xercesImpl-2.9.1.jar;C:\Users\Lavanchy\.m2\repository\net\sourceforge\nekohtml\nekohtml\1.9.15\nekohtml-1.9.15.jar;C:\Users\Lavanchy\.m2\repository\net\sourceforge\cssparser\cssparser\0.9.5\cssparser-0.9.5.jar;C:\Users\Lavanchy\.m2\repository\org\w3c\css\sac\1.3\sac-1.3.jar;C:\Users\Lavanchy\.m2\repository\org\seleniumhq\selenium\selenium-ie-driver\2.7.0\selenium-ie-driver-2.7.0.jar;C:\Users\Lavanchy\.m2\repository\net\java\dev\jna\jna\3.3.0\jna-3.3.0.jar;C:\Users\Lavanchy\.m2\repository\org\seleniumhq\selenium\selenium-iphone-driver\2.7.0\selenium-iphone-driver-2.7.0.jar;C:\Users\Lavanchy\.m2\repository\org\seleniumhq\selenium\selenium-support\2.7.0\selenium-support-2.7.0.jar;C:\Users\Lavanchy\.m2\repository\log4j\log4j\1.2.14\log4j-1.2.14.jar;C:\Users\Lavanchy\.m2\repository\org\mockito\mockito-all\1.8.5\mockito-all-1.8.5.jar;"/>
    <property name="java.specification.name" value="Java Platform API Specification"/>
    <property name="java.class.version" value="50.0"/>
    <property name="sun.management.compiler" value="HotSpot Client Compiler"/>
    <property name="os.version" value="6.1"/>
    <property name="user.home" value="C:\Users\Lavanchy"/>
    <property name="user.timezone" value=""/>
    <property name="java.awt.printerjob" value="sun.awt.windows.WPrinterJob"/>
    <property name="java.specification.version" value="1.6"/>
    <property name="file.encoding" value="Cp1252"/>
    <property name="user.name" value="Lavanchy"/>
    <property name="java.class.path" value="D:\FHNW\Helio\heliovo\helio-frontend\helio-portal-tests\target\test-classes;D:\FHNW\Helio\heliovo\helio-frontend\helio-portal-tests\target\classes;C:\Users\Lavanchy\.m2\repository\junit\junit\4.8.2\junit-4.8.2.jar;C:\Users\Lavanchy\.m2\repository\org\seleniumhq\selenium\selenium-firefox-driver\2.7.0\selenium-firefox-driver-2.7.0.jar;C:\Users\Lavanchy\.m2\repository\org\seleniumhq\selenium\selenium-remote-driver\2.7.0\selenium-remote-driver-2.7.0.jar;C:\Users\Lavanchy\.m2\repository\cglib\cglib-nodep\2.1_3\cglib-nodep-2.1_3.jar;C:\Users\Lavanchy\.m2\repository\org\json\json\20080701\json-20080701.jar;C:\Users\Lavanchy\.m2\repository\org\seleniumhq\selenium\selenium-api\2.7.0\selenium-api-2.7.0.jar;C:\Users\Lavanchy\.m2\repository\com\google\guava\guava\r09\guava-r09.jar;C:\Users\Lavanchy\.m2\repository\org\apache\httpcomponents\httpclient\4.1.2\httpclient-4.1.2.jar;C:\Users\Lavanchy\.m2\repository\org\apache\httpcomponents\httpcore\4.1.2\httpcore-4.1.2.jar;C:\Users\Lavanchy\.m2\repository\commons-logging\commons-logging\1.1.1\commons-logging-1.1.1.jar;C:\Users\Lavanchy\.m2\repository\commons-codec\commons-codec\1.4\commons-codec-1.4.jar;C:\Users\Lavanchy\.m2\repository\commons-io\commons-io\2.0.1\commons-io-2.0.1.jar;C:\Users\Lavanchy\.m2\repository\org\seleniumhq\selenium\selenium-java\2.7.0\selenium-java-2.7.0.jar;C:\Users\Lavanchy\.m2\repository\org\seleniumhq\selenium\selenium-android-driver\2.7.0\selenium-android-driver-2.7.0.jar;C:\Users\Lavanchy\.m2\repository\org\seleniumhq\selenium\selenium-chrome-driver\2.7.0\selenium-chrome-driver-2.7.0.jar;C:\Users\Lavanchy\.m2\repository\org\seleniumhq\selenium\selenium-htmlunit-driver\2.7.0\selenium-htmlunit-driver-2.7.0.jar;C:\Users\Lavanchy\.m2\repository\net\sourceforge\htmlunit\htmlunit\2.9\htmlunit-2.9.jar;C:\Users\Lavanchy\.m2\repository\xalan\xalan\2.7.1\xalan-2.7.1.jar;C:\Users\Lavanchy\.m2\repository\xalan\serializer\2.7.1\serializer-2.7.1.jar;C:\Users\Lavanchy\.m2\repository\xml-apis\xml-apis\1.3.04\xml-apis-1.3.04.jar;C:\Users\Lavanchy\.m2\repository\commons-collections\commons-collections\3.2.1\commons-collections-3.2.1.jar;C:\Users\Lavanchy\.m2\repository\commons-lang\commons-lang\2.6\commons-lang-2.6.jar;C:\Users\Lavanchy\.m2\repository\org\apache\httpcomponents\httpmime\4.1.2\httpmime-4.1.2.jar;C:\Users\Lavanchy\.m2\repository\net\sourceforge\htmlunit\htmlunit-core-js\2.9\htmlunit-core-js-2.9.jar;C:\Users\Lavanchy\.m2\repository\xerces\xercesImpl\2.9.1\xercesImpl-2.9.1.jar;C:\Users\Lavanchy\.m2\repository\net\sourceforge\nekohtml\nekohtml\1.9.15\nekohtml-1.9.15.jar;C:\Users\Lavanchy\.m2\repository\net\sourceforge\cssparser\cssparser\0.9.5\cssparser-0.9.5.jar;C:\Users\Lavanchy\.m2\repository\org\w3c\css\sac\1.3\sac-1.3.jar;C:\Users\Lavanchy\.m2\repository\org\seleniumhq\selenium\selenium-ie-driver\2.7.0\selenium-ie-driver-2.7.0.jar;C:\Users\Lavanchy\.m2\repository\net\java\dev\jna\jna\3.3.0\jna-3.3.0.jar;C:\Users\Lavanchy\.m2\repository\org\seleniumhq\selenium\selenium-iphone-driver\2.7.0\selenium-iphone-driver-2.7.0.jar;C:\Users\Lavanchy\.m2\repository\org\seleniumhq\selenium\selenium-support\2.7.0\selenium-support-2.7.0.jar;C:\Users\Lavanchy\.m2\repository\log4j\log4j\1.2.14\log4j-1.2.14.jar;C:\Users\Lavanchy\.m2\repository\org\mockito\mockito-all\1.8.5\mockito-all-1.8.5.jar;"/>
    <property name="java.vm.specification.version" value="1.0"/>
    <property name="sun.arch.data.model" value="32"/>
    <property name="java.home" value="C:\Program Files\Java\jdk1.6.0_14\jre"/>
    <property name="java.specification.vendor" value="Sun Microsystems Inc."/>
    <property name="user.language" value="de"/>
    <property name="awt.toolkit" value="sun.awt.windows.WToolkit"/>
    <property name="java.vm.info" value="mixed mode, sharing"/>
    <property name="java.version" value="1.6.0_14"/>
    <property name="java.ext.dirs" value="C:\Program Files\Java\jdk1.6.0_14\jre\lib\ext;C:\Windows\Sun\Java\lib\ext"/>
    <property name="sun.boot.class.path" value="C:\Program Files\Java\jdk1.6.0_14\jre\lib\resources.jar;C:\Program Files\Java\jdk1.6.0_14\jre\lib\rt.jar;C:\Program Files\Java\jdk1.6.0_14\jre\lib\sunrsasign.jar;C:\Program Files\Java\jdk1.6.0_14\jre\lib\jsse.jar;C:\Program Files\Java\jdk1.6.0_14\jre\lib\jce.jar;C:\Program Files\Java\jdk1.6.0_14\jre\lib\charsets.jar;C:\Program Files\Java\jdk1.6.0_14\jre\classes"/>
    <property name="java.vendor" value="Sun Microsystems Inc."/>
    <property name="localRepository" value="C:\Users\Lavanchy\.m2\repository"/>
    <property name="file.separator" value="\"/>
    <property name="java.vendor.url.bug" value="http://java.sun.com/cgi-bin/bugreport.cgi"/>
    <property name="sun.cpu.endian" value="little"/>
    <property name="sun.io.unicode.encoding" value="UnicodeLittle"/>
    <property name="sun.desktop" value="windows"/>
    <property name="sun.cpu.isalist" value="pentium_pro+mmx pentium_pro pentium+mmx pentium i486 i386 i86"/>
  </properties>
  <testcase time="28.083" classname="ch.fhnw.i4ds.helio.AdRangeTest" name="testAdRange"/>
  <testcase time="29.358" classname="ch.fhnw.i4ds.helio.AdRangeTest" name="testAd3Range"/>
  <testcase time="18.397" classname="ch.fhnw.i4ds.helio.AdRangeTest" name="testTxtRange"/>
  <testcase time="20.22" classname="ch.fhnw.i4ds.helio.AdRangeTest" name="testReversDate">
    <failure message="java.lang.AssertionError: " type="java.lang.AssertionError">java.lang.AssertionError: java.lang.AssertionError: 
	at org.junit.Assert.fail(Assert.java:91)
	at ch.fhnw.i4ds.helio.AdRangeTest.tearDown(AdRangeTest.java:211)
	at sun.reflect.NativeMethodAccessorImpl.invoke0(Native Method)
	at sun.reflect.NativeMethodAccessorImpl.invoke(NativeMethodAccessorImpl.java:39)
	at sun.reflect.DelegatingMethodAccessorImpl.invoke(DelegatingMethodAccessorImpl.java:25)
	at java.lang.reflect.Method.invoke(Method.java:597)
	at org.junit.runners.model.FrameworkMethod$1.runReflectiveCall(FrameworkMethod.java:44)
	at org.junit.internal.runners.model.ReflectiveCallable.run(ReflectiveCallable.java:15)
	at org.junit.runners.model.FrameworkMethod.invokeExplosively(FrameworkMethod.java:41)
	at org.junit.internal.runners.statements.RunAfters.evaluate(RunAfters.java:37)
	at org.junit.runners.BlockJUnit4ClassRunner.runNotIgnored(BlockJUnit4ClassRunner.java:79)
	at org.junit.runners.BlockJUnit4ClassRunner.runChild(BlockJUnit4ClassRunner.java:71)
	at org.junit.runners.BlockJUnit4ClassRunner.runChild(BlockJUnit4ClassRunner.java:49)
	at org.junit.runners.ParentRunner$3.run(ParentRunner.java:193)
	at org.junit.runners.ParentRunner$1.schedule(ParentRunner.java:52)
	at org.junit.runners.ParentRunner.runChildren(ParentRunner.java:191)
	at org.junit.runners.ParentRunner.access$000(ParentRunner.java:42)
	at org.junit.runners.ParentRunner$2.evaluate(ParentRunner.java:184)
	at org.junit.runners.ParentRunner.run(ParentRunner.java:236)
	at org.apache.maven.surefire.junit4.JUnit4TestSet.execute(JUnit4TestSet.java:62)
	at org.apache.maven.surefire.suite.AbstractDirectoryTestSuite.executeTestSet(AbstractDirectoryTestSuite.java:140)
	at org.apache.maven.surefire.suite.AbstractDirectoryTestSuite.execute(AbstractDirectoryTestSuite.java:127)
	at org.apache.maven.surefire.Surefire.run(Surefire.java:177)
	at sun.reflect.NativeMethodAccessorImpl.invoke0(Native Method)
	at sun.reflect.NativeMethodAccessorImpl.invoke(NativeMethodAccessorImpl.java:39)
	at sun.reflect.DelegatingMethodAccessorImpl.invoke(DelegatingMethodAccessorImpl.java:25)
	at java.lang.reflect.Method.invoke(Method.java:597)
	at org.apache.maven.surefire.booter.SurefireBooter.runSuitesInProcess(SurefireBooter.java:345)
	at org.apache.maven.surefire.booter.SurefireBooter.main(SurefireBooter.java:1009)
</failure>
  </testcase>
</testsuite>